c:\users\student\desktop\c++ ツール 整理\release\vc140.pdb
c:\users\student\desktop\c++ ツール 整理\release\scene3d.obj
c:\users\student\desktop\c++ ツール 整理\release\scene2d.obj
c:\users\student\desktop\c++ ツール 整理\release\scene.obj
c:\users\student\desktop\c++ ツール 整理\release\player3d.obj
c:\users\student\desktop\c++ ツール 整理\release\vertex.obj
c:\users\student\desktop\c++ ツール 整理\release\textobject.obj
c:\users\student\desktop\c++ ツール 整理\release\object3d.obj
c:\users\student\desktop\c++ ツール 整理\release\number.obj
c:\users\student\desktop\c++ ツール 整理\release\model.obj
c:\users\student\desktop\c++ ツール 整理\release\meshfield.obj
c:\users\student\desktop\c++ ツール 整理\release\main.obj
c:\users\student\desktop\c++ ツール 整理\release\logo.obj
c:\users\student\desktop\c++ ツール 整理\release\light.obj
c:\users\student\desktop\c++ ツール 整理\release\gamepad.obj
c:\users\student\desktop\c++ ツール 整理\release\fade.obj
c:\users\student\desktop\c++ ツール 整理\release\debugproc.obj
c:\users\student\desktop\c++ ツール 整理\release\camera.obj
c:\users\student\desktop\c++ ツール 整理\release\texture.obj
c:\users\student\desktop\c++ ツール 整理\release\shadows.obj
c:\users\student\desktop\c++ ツール 整理\release\scenex.obj
c:\users\student\desktop\c++ ツール 整理\release\game.obj
c:\users\student\desktop\c++ ツール 整理\release\manager.obj
c:\users\student\desktop\c++ ツール 整理\release\renderer.obj
c:\users\student\desktop\c++ ツール 整理\release\input.obj
c:\users\student\desktop\c++ ツール 整理\release\sound.obj
c:\users\student\desktop\c++ ツール 整理\release\score.obj
c:\users\student\desktop\c++ ツール 整理\win32project11.exe
c:\users\student\desktop\c++ ツール 整理\win32project11.ipdb
c:\users\student\desktop\c++ ツール 整理\win32project11.iobj
c:\users\student\desktop\c++ ツール 整理\win32project11.pdb
c:\users\student\desktop\c++ ツール 整理\release\animation.obj
c:\users\student\desktop\c++ ツール 整理\release\bg.obj
c:\users\student\desktop\c++ ツール 整理\release\bullet.obj
c:\users\student\desktop\c++ ツール 整理\release\destination.obj
c:\users\student\desktop\c++ ツール 整理\release\effect.obj
c:\users\student\desktop\c++ ツール 整理\release\enemy.obj
c:\users\student\desktop\c++ ツール 整理\release\explosion.obj
c:\users\student\desktop\c++ ツール 整理\release\game2.obj
c:\users\student\desktop\c++ ツール 整理\release\item.obj
c:\users\student\desktop\c++ ツール 整理\release\life.obj
c:\users\student\desktop\c++ ツール 整理\release\menu.obj
c:\users\student\desktop\c++ ツール 整理\release\particle.obj
c:\users\student\desktop\c++ ツール 整理\release\pause.obj
c:\users\student\desktop\c++ ツール 整理\release\phone.obj
c:\users\student\desktop\c++ ツール 整理\release\player.obj
c:\users\student\desktop\c++ ツール 整理\release\pointerx.obj
c:\users\student\desktop\c++ ツール 整理\release\polygon.obj
c:\users\student\desktop\c++ ツール 整理\release\result.obj
c:\users\student\desktop\c++ ツール 整理\release\select.obj
c:\users\student\desktop\c++ ツール 整理\release\title.obj
c:\users\student\desktop\c++ ツール 整理\release\tutorial.obj
c:\users\student\desktop\c++ ツール 整理\release\win32project11.tlog\cl.command.1.tlog
c:\users\student\desktop\c++ ツール 整理\release\win32project11.tlog\cl.read.1.tlog
c:\users\student\desktop\c++ ツール 整理\release\win32project11.tlog\cl.write.1.tlog
c:\users\student\desktop\c++ ツール 整理\release\win32project11.tlog\link.command.1.tlog
c:\users\student\desktop\c++ ツール 整理\release\win32project11.tlog\link.read.1.tlog
c:\users\student\desktop\c++ ツール 整理\release\win32project11.tlog\link.write.1.tlog
