c:\users\student\desktop\c++ ツール 整理\debug\vc140.pdb
c:\users\student\desktop\c++ ツール 整理\debug\vc140.idb
c:\users\student\desktop\c++ ツール 整理\debug\main.obj
c:\users\student\desktop\c++ ツール 整理\debug\manager.obj
c:\users\student\desktop\c++ ツール 整理\debug\meshfield.obj
c:\users\student\desktop\c++ ツール 整理\debug\model.obj
c:\users\student\desktop\c++ ツール 整理\debug\number.obj
c:\users\student\desktop\c++ ツール 整理\debug\object3d.obj
c:\users\student\desktop\c++ ツール 整理\debug\textobject.obj
c:\users\student\desktop\c++ ツール 整理\debug\vertex.obj
c:\users\student\desktop\c++ ツール 整理\debug\pause.obj
c:\users\student\desktop\c++ ツール 整理\debug\player3d.obj
c:\users\student\desktop\c++ ツール 整理\debug\pointerx.obj
c:\users\student\desktop\c++ ツール 整理\debug\scene.obj
c:\users\student\desktop\c++ ツール 整理\debug\renderer.obj
c:\users\student\desktop\c++ ツール 整理\debug\scene2d.obj
c:\users\student\desktop\c++ ツール 整理\debug\scene3d.obj
c:\users\student\desktop\c++ ツール 整理\debug\scenex.obj
c:\users\student\desktop\c++ ツール 整理\debug\score.obj
c:\users\student\desktop\c++ ツール 整理\debug\shadows.obj
c:\users\student\desktop\c++ ツール 整理\debug\sound.obj
c:\users\student\desktop\c++ ツール 整理\debug\texture.obj
c:\users\student\desktop\c++ ツール 整理\debug\camera.obj
c:\users\student\desktop\c++ ツール 整理\debug\debugproc.obj
c:\users\student\desktop\c++ ツール 整理\debug\destination.obj
c:\users\student\desktop\c++ ツール 整理\debug\fade.obj
c:\users\student\desktop\c++ ツール 整理\debug\game.obj
c:\users\student\desktop\c++ ツール 整理\debug\gamepad.obj
c:\users\student\desktop\c++ ツール 整理\debug\input.obj
c:\users\student\desktop\c++ ツール 整理\debug\light.obj
c:\users\student\desktop\c++ ツール 整理\debug\logo.obj
c:\users\student\desktop\c++ ツール 整理\debug\win32project11.ilk
c:\users\student\desktop\c++ ツール 整理\debug\win32project11.exe
c:\users\student\desktop\c++ ツール 整理\debug\win32project11.pdb
c:\users\student\desktop\c++ ツール 整理\debug\win32project11.tlog\cl.command.1.tlog
c:\users\student\desktop\c++ ツール 整理\debug\win32project11.tlog\cl.read.1.tlog
c:\users\student\desktop\c++ ツール 整理\debug\win32project11.tlog\cl.write.1.tlog
c:\users\student\desktop\c++ ツール 整理\debug\win32project11.tlog\link.command.1.tlog
c:\users\student\desktop\c++ ツール 整理\debug\win32project11.tlog\link.read.1.tlog
c:\users\student\desktop\c++ ツール 整理\debug\win32project11.tlog\link.write.1.tlog
