c:\users\student\desktop\開発環境\release\vc140.pdb
c:\users\student\desktop\開発環境\release\number.obj
c:\users\student\desktop\開発環境\release\menu.obj
c:\users\student\desktop\開発環境\release\manager.obj
c:\users\student\desktop\開発環境\release\main.obj
c:\users\student\desktop\開発環境\release\logo.obj
c:\users\student\desktop\開発環境\release\light.obj
c:\users\student\desktop\開発環境\release\life.obj
c:\users\student\desktop\開発環境\release\item.obj
c:\users\student\desktop\開発環境\release\input.obj
c:\users\student\desktop\開発環境\release\gamepad.obj
c:\users\student\desktop\開発環境\release\game2.obj
c:\users\student\desktop\開発環境\release\game.obj
c:\users\student\desktop\開発環境\release\fade.obj
c:\users\student\desktop\開発環境\release\explosion.obj
c:\users\student\desktop\開発環境\release\enemy.obj
c:\users\student\desktop\開発環境\release\effect.obj
c:\users\student\desktop\開発環境\release\camera.obj
c:\users\student\desktop\開発環境\release\bullet.obj
c:\users\student\desktop\開発環境\release\bg.obj
c:\users\student\desktop\開発環境\release\animation.obj
c:\users\student\desktop\開発環境\release\tutorial.obj
c:\users\student\desktop\開発環境\release\title.obj
c:\users\student\desktop\開発環境\release\sound.obj
c:\users\student\desktop\開発環境\release\select.obj
c:\users\student\desktop\開発環境\release\score.obj
c:\users\student\desktop\開発環境\release\scenex.obj
c:\users\student\desktop\開発環境\release\scene3d.obj
c:\users\student\desktop\開発環境\release\scene2d.obj
c:\users\student\desktop\開発環境\release\renderer.obj
c:\users\student\desktop\開発環境\release\scene.obj
c:\users\student\desktop\開発環境\release\result.obj
c:\users\student\desktop\開発環境\release\polygon.obj
c:\users\student\desktop\開発環境\release\player.obj
c:\users\student\desktop\開発環境\release\pause.obj
c:\users\student\desktop\開発環境\release\particle.obj
c:\users\student\desktop\開発環境\release\object3d.obj
c:\users\student\desktop\開発環境\win32project11.exe
c:\users\student\desktop\開発環境\win32project11.ipdb
c:\users\student\desktop\開発環境\win32project11.iobj
c:\users\student\desktop\開発環境\win32project11.pdb
c:\users\student\desktop\開発環境\release\debugproc.obj
c:\users\student\desktop\開発環境\release\meshfield.obj
c:\users\student\desktop\開発環境\release\model.obj
c:\users\student\desktop\開発環境\release\player3d.obj
c:\users\student\desktop\開発環境\release\shadows.obj
c:\users\student\desktop\開発環境\release\textobject.obj
c:\users\student\desktop\開発環境\release\texture.obj
c:\users\student\desktop\開発環境\release\vertex.obj
c:\users\student\desktop\開発環境\release\win32project11.tlog\cl.command.1.tlog
c:\users\student\desktop\開発環境\release\win32project11.tlog\cl.read.1.tlog
c:\users\student\desktop\開発環境\release\win32project11.tlog\cl.write.1.tlog
c:\users\student\desktop\開発環境\release\win32project11.tlog\link.command.1.tlog
c:\users\student\desktop\開発環境\release\win32project11.tlog\link.read.1.tlog
c:\users\student\desktop\開発環境\release\win32project11.tlog\link.write.1.tlog
