c:\users\student\desktop\開発環境\debug\vc140.pdb
c:\users\student\desktop\開発環境\debug\vc140.idb
c:\users\student\desktop\開発環境\debug\main.obj
c:\users\student\desktop\開発環境\debug\manager.obj
c:\users\student\desktop\開発環境\debug\menu.obj
c:\users\student\desktop\開発環境\debug\number.obj
c:\users\student\desktop\開発環境\debug\object3d.obj
c:\users\student\desktop\開発環境\debug\particle.obj
c:\users\student\desktop\開発環境\debug\pause.obj
c:\users\student\desktop\開発環境\debug\player.obj
c:\users\student\desktop\開発環境\debug\polygon.obj
c:\users\student\desktop\開発環境\debug\result.obj
c:\users\student\desktop\開発環境\debug\scene.obj
c:\users\student\desktop\開発環境\debug\renderer.obj
c:\users\student\desktop\開発環境\debug\scene2d.obj
c:\users\student\desktop\開発環境\debug\scene3d.obj
c:\users\student\desktop\開発環境\debug\scenex.obj
c:\users\student\desktop\開発環境\debug\score.obj
c:\users\student\desktop\開発環境\debug\select.obj
c:\users\student\desktop\開発環境\debug\sound.obj
c:\users\student\desktop\開発環境\debug\title.obj
c:\users\student\desktop\開発環境\debug\tutorial.obj
c:\users\student\desktop\開発環境\debug\animation.obj
c:\users\student\desktop\開発環境\debug\bg.obj
c:\users\student\desktop\開発環境\debug\bullet.obj
c:\users\student\desktop\開発環境\debug\camera.obj
c:\users\student\desktop\開発環境\debug\effect.obj
c:\users\student\desktop\開発環境\debug\enemy.obj
c:\users\student\desktop\開発環境\debug\explosion.obj
c:\users\student\desktop\開発環境\debug\fade.obj
c:\users\student\desktop\開発環境\debug\game.obj
c:\users\student\desktop\開発環境\debug\game2.obj
c:\users\student\desktop\開発環境\debug\gamepad.obj
c:\users\student\desktop\開発環境\debug\input.obj
c:\users\student\desktop\開発環境\debug\item.obj
c:\users\student\desktop\開発環境\debug\life.obj
c:\users\student\desktop\開発環境\debug\light.obj
c:\users\student\desktop\開発環境\debug\logo.obj
c:\users\student\desktop\開発環境\debug\win32project11.ilk
c:\users\student\desktop\開発環境\debug\win32project11.exe
c:\users\student\desktop\開発環境\debug\win32project11.pdb
c:\users\student\desktop\開発環境\debug\debugproc.obj
c:\users\student\desktop\開発環境\debug\meshfield.obj
c:\users\student\desktop\開発環境\debug\model.obj
c:\users\student\desktop\開発環境\debug\player3d.obj
c:\users\student\desktop\開発環境\debug\shadows.obj
c:\users\student\desktop\開発環境\debug\textobject.obj
c:\users\student\desktop\開発環境\debug\texture.obj
c:\users\student\desktop\開発環境\debug\vertex.obj
c:\users\student\desktop\開発環境\debug\game.obj.enc
c:\users\student\desktop\開発環境\debug\meshfield.obj.enc
c:\users\student\desktop\開発環境\debug\pause.obj.enc
c:\users\student\desktop\開発環境\debug\scene.obj.enc
c:\users\student\desktop\開発環境\debug\win32project11.tlog\cl.command.1.tlog
c:\users\student\desktop\開発環境\debug\win32project11.tlog\cl.read.1.tlog
c:\users\student\desktop\開発環境\debug\win32project11.tlog\cl.write.1.tlog
c:\users\student\desktop\開発環境\debug\win32project11.tlog\link.command.1.tlog
c:\users\student\desktop\開発環境\debug\win32project11.tlog\link.read.1.tlog
c:\users\student\desktop\開発環境\debug\win32project11.tlog\link.write.1.tlog
