  select.cpp
  result.cpp
  polygon.cpp
  コードを生成中...
  コンパイル中...
  tutorial.cpp
  title.cpp
  sceneX.cpp
  scene3D.cpp
  scene2D.cpp
  scene.cpp
  renderer.cpp
  player.cpp
  pause.cpp
  particle.cpp
  object3D.cpp
  number.cpp
  menu.cpp
  manager.cpp
  main.cpp
  logo.cpp
  light.cpp
  life.cpp
  item.cpp
  game2.cpp
  コードを生成中...
  コンパイル中...
  game.cpp
  fade.cpp
  explosion.cpp
  enemy.cpp
  effect.cpp
  camera.cpp
  bullet.cpp
  bg.cpp
  animation.cpp
  コードを生成中...
  Win32Project11.vcxproj -> C:\Users\student\Desktop\開発環境\Debug\Win32Project11.exe
  Win32Project11.vcxproj -> C:\Users\student\Desktop\開発環境\Debug\Win32Project11.pdb (Full PDB)
