  AIguide.cpp
  animation.cpp
  camera.cpp
  car.cpp
  city.cpp
  debugproc.cpp
  delivery.cpp
  destination.cpp
  effect.cpp
  fade.cpp
  game.cpp
  gamepad.cpp
  input.cpp
  License.cpp
  light.cpp
  logo.cpp
  main.cpp
  manager.cpp
  map.cpp
  menu.cpp
  コンパイル中...
  meshfield.cpp
  model.cpp
  number.cpp
  particle.cpp
  passerby.cpp
  pause.cpp
  pointerX.cpp
  ranking.cpp
  result.cpp
  title.cpp
  trafficLight.cpp
  tutorial.cpp
  vertex.cpp
  player3D.cpp
  scene.cpp
  renderer.cpp
  scene2D.cpp
  scene3D.cpp
  sceneX.cpp
  score.cpp
  コンパイル中...
  shadowS.cpp
  sound.cpp
  texture.cpp
  visualization.cpp
  コード生成しています。
  All 538 functions were compiled because no usable IPDB/IOBJ from previous compilation was found.
  コード生成が終了しました。
  Win32Project11.vcxproj -> C:\Users\student\Desktop\C++_チーム作品\開発環境\Win32Project11.exe
  Win32Project11.vcxproj -> C:\Users\student\Desktop\C++_チーム作品\開発環境\Win32Project11.pdb (Full PDB)
